<?xml version="1.0" encoding="UTF-8"?>
<!-- Generated by org.testng.reporters.JUnitXMLReporter -->
<testsuite hostname="SYS250-PC" name="Test(failed)" tests="1" failures="0" timestamp="6 Dec 2019 13:24:20 GMT" time="0.147" errors="0">
  <testcase name="@BeforeClass configBc" time="0.0" classname="Com.E2M.CMSTest.RoomBookTest">
    <failure type="java.lang.IllegalStateException" message="The driver executable does not exist: C:\Users\pravakar.rana\eclipse-workspace\Hydride_Framework_Ws\‪.\Data\chromedriver.exe">
      <![CDATA[java.lang.IllegalStateException: The driver executable does not exist: C:\Users\pravakar.rana\eclipse-workspace\Hydride_Framework_Ws\‪.\Data\chromedriver.exe
	at com.google.common.base.Preconditions.checkState(Preconditions.java:585)
	at org.openqa.selenium.remote.service.DriverService.checkExecutable(DriverService.java:146)
	at org.openqa.selenium.remote.service.DriverService.findExecutable(DriverService.java:141)
	at org.openqa.selenium.chrome.ChromeDriverService.access$000(ChromeDriverService.java:35)
	at org.openqa.selenium.chrome.ChromeDriverService$Builder.findDefaultExecutable(ChromeDriverService.java:159)
	at org.openqa.selenium.remote.service.DriverService$Builder.build(DriverService.java:355)
	at org.openqa.selenium.chrome.ChromeDriverService.createDefaultService(ChromeDriverService.java:94)
	at org.openqa.selenium.chrome.ChromeDriver.<init>(ChromeDriver.java:123)
	at Com.E2M.GenericLibraries.Baseclass_libraries.configBc(Baseclass_libraries.java:35)
... Removed 24 stack frames]]>
    </failure>
  </testcase> <!-- @BeforeClass configBc -->
  <testcase name="@BeforeMethod configBm" time="0.0" classname="Com.E2M.CMSTest.RoomBookTest">
    <skipped/>
  </testcase> <!-- @BeforeMethod configBm -->
  <testcase name="@AfterMethod configAm" time="0.0" classname="Com.E2M.CMSTest.RoomBookTest">
    <skipped/>
  </testcase> <!-- @AfterMethod configAm -->
  <testcase name="@AfterClass configAc" time="0.0" classname="Com.E2M.CMSTest.RoomBookTest">
    <skipped/>
  </testcase> <!-- @AfterClass configAc -->
  <testcase name="RoomBook" time="0.006" classname="Com.E2M.CMSTest.RoomBookTest">
    <skipped/>
  </testcase> <!-- RoomBook -->
</testsuite> <!-- Test(failed) -->
